DATE:	Tue Feb 16 2021 12:58:49
ERROR:	TypeError: Cannot read property '_id' of null
STACK:	{"stack":"TypeError: Cannot read property '_id' of null\n    at C:\\Users\\pc\\programs\\admin\\controllers\\users\\helpers\\getAdmUsers.js:61:34\n    at runMicrotasks (<anonymous>)\n    at processTicksAndRejections (internal/process/task_queues.js:97:5)\n    at async C:\\Users\\pc\\programs\\admin\\routes\\index.js:128:20","message":"Cannot read property '_id' of null"}
NOTE:	getAdmUsers.getAdmByUsername
------------------------------------------------------------------------------------------------------------

DATE:	Tue Feb 16 2021 12:59:00
ERROR:	 Email Not Sent. Error: Invalid login: 535-5.7.8 Username and Password not accepted. Learn more at
535 5.7.8  https://support.google.com/mail/?p=BadCredentials o17sm26070308wrm.52 - gsmtp
STACK:	{"stack":"Error: Invalid login: 535-5.7.8 Username and Password not accepted. Learn more at\n535 5.7.8  https://support.google.com/mail/?p=BadCredentials o17sm26070308wrm.52 - gsmtp\n    at SMTPConnection._formatError (C:\\Users\\pc\\programs\\admin\\node_modules\\nodemailer\\lib\\smtp-connection\\index.js:774:19)\n    at SMTPConnection._actionAUTHComplete (C:\\Users\\pc\\programs\\admin\\node_modules\\nodemailer\\lib\\smtp-connection\\index.js:1513:34)\n    at SMTPConnection.<anonymous> (C:\\Users\\pc\\programs\\admin\\node_modules\\nodemailer\\lib\\smtp-connection\\index.js:540:26)\n    at SMTPConnection._processResponse (C:\\Users\\pc\\programs\\admin\\node_modules\\nodemailer\\lib\\smtp-connection\\index.js:932:20)\n    at SMTPConnection._onData (C:\\Users\\pc\\programs\\admin\\node_modules\\nodemailer\\lib\\smtp-connection\\index.js:739:14)\n    at TLSSocket.SMTPConnection._onSocketData (C:\\Users\\pc\\programs\\admin\\node_modules\\nodemailer\\lib\\smtp-connection\\index.js:189:44)\n    at TLSSocket.emit (events.js:314:20)\n    at addChunk (_stream_readable.js:298:12)\n    at readableAddChunk (_stream_readable.js:273:9)\n    at TLSSocket.Readable.push (_stream_readable.js:214:10)\n    at TLSWrap.onStreamRead (internal/stream_base_commons.js:188:23)\n    at TLSWrap.callbackTrampoline (internal/async_hooks.js:126:14)","message":"Invalid login: 535-5.7.8 Username and Password not accepted. Learn more at\n535 5.7.8  https://support.google.com/mail/?p=BadCredentials o17sm26070308wrm.52 - gsmtp","code":"EAUTH","response":"535-5.7.8 Username and Password not accepted. Learn more at\n535 5.7.8  https://support.google.com/mail/?p=BadCredentials o17sm26070308wrm.52 - gsmtp","responseCode":535,"command":"AUTH PLAIN"}
NOTE:	utils.SendEmail
------------------------------------------------------------------------------------------------------------

DATE:	Tue Feb 16 2021 13:06:00
ERROR:	TypeError: Cannot read property '_id' of null
STACK:	{"stack":"TypeError: Cannot read property '_id' of null\n    at C:\\Users\\pc\\programs\\admin\\controllers\\users\\helpers\\getAdmUsers.js:61:34\n    at runMicrotasks (<anonymous>)\n    at processTicksAndRejections (internal/process/task_queues.js:97:5)\n    at async C:\\Users\\pc\\programs\\admin\\routes\\index.js:129:20","message":"Cannot read property '_id' of null"}
NOTE:	getAdmUsers.getAdmByUsername
------------------------------------------------------------------------------------------------------------

DATE:	Tue Feb 16 2021 13:06:25
ERROR:	 Email Not Sent. Error: Invalid login: 535-5.7.8 Username and Password not accepted. Learn more at
535 5.7.8  https://support.google.com/mail/?p=BadCredentials t9sm22196051wrw.76 - gsmtp
STACK:	{"stack":"Error: Invalid login: 535-5.7.8 Username and Password not accepted. Learn more at\n535 5.7.8  https://support.google.com/mail/?p=BadCredentials t9sm22196051wrw.76 - gsmtp\n    at SMTPConnection._formatError (C:\\Users\\pc\\programs\\admin\\node_modules\\nodemailer\\lib\\smtp-connection\\index.js:774:19)\n    at SMTPConnection._actionAUTHComplete (C:\\Users\\pc\\programs\\admin\\node_modules\\nodemailer\\lib\\smtp-connection\\index.js:1513:34)\n    at SMTPConnection.<anonymous> (C:\\Users\\pc\\programs\\admin\\node_modules\\nodemailer\\lib\\smtp-connection\\index.js:540:26)\n    at SMTPConnection._processResponse (C:\\Users\\pc\\programs\\admin\\node_modules\\nodemailer\\lib\\smtp-connection\\index.js:932:20)\n    at SMTPConnection._onData (C:\\Users\\pc\\programs\\admin\\node_modules\\nodemailer\\lib\\smtp-connection\\index.js:739:14)\n    at TLSSocket.SMTPConnection._onSocketData (C:\\Users\\pc\\programs\\admin\\node_modules\\nodemailer\\lib\\smtp-connection\\index.js:189:44)\n    at TLSSocket.emit (events.js:314:20)\n    at addChunk (_stream_readable.js:298:12)\n    at readableAddChunk (_stream_readable.js:273:9)\n    at TLSSocket.Readable.push (_stream_readable.js:214:10)\n    at TLSWrap.onStreamRead (internal/stream_base_commons.js:188:23)\n    at TLSWrap.callbackTrampoline (internal/async_hooks.js:126:14)","message":"Invalid login: 535-5.7.8 Username and Password not accepted. Learn more at\n535 5.7.8  https://support.google.com/mail/?p=BadCredentials t9sm22196051wrw.76 - gsmtp","code":"EAUTH","response":"535-5.7.8 Username and Password not accepted. Learn more at\n535 5.7.8  https://support.google.com/mail/?p=BadCredentials t9sm22196051wrw.76 - gsmtp","responseCode":535,"command":"AUTH PLAIN"}
NOTE:	utils.SendEmail
------------------------------------------------------------------------------------------------------------

DATE:	Tue Feb 16 2021 13:06:43
ERROR:	TypeError: Cannot read property '_id' of null
STACK:	{"stack":"TypeError: Cannot read property '_id' of null\n    at C:\\Users\\pc\\programs\\admin\\controllers\\users\\helpers\\getAdmUsers.js:61:34\n    at runMicrotasks (<anonymous>)\n    at processTicksAndRejections (internal/process/task_queues.js:97:5)\n    at async C:\\Users\\pc\\programs\\admin\\routes\\index.js:129:20","message":"Cannot read property '_id' of null"}
NOTE:	getAdmUsers.getAdmByUsername
------------------------------------------------------------------------------------------------------------

DATE:	Tue Feb 16 2021 13:06:53
ERROR:	 Email Not Sent. Error: Invalid login: 535-5.7.8 Username and Password not accepted. Learn more at
535 5.7.8  https://support.google.com/mail/?p=BadCredentials z17sm16089047wrv.9 - gsmtp
STACK:	{"stack":"Error: Invalid login: 535-5.7.8 Username and Password not accepted. Learn more at\n535 5.7.8  https://support.google.com/mail/?p=BadCredentials z17sm16089047wrv.9 - gsmtp\n    at SMTPConnection._formatError (C:\\Users\\pc\\programs\\admin\\node_modules\\nodemailer\\lib\\smtp-connection\\index.js:774:19)\n    at SMTPConnection._actionAUTHComplete (C:\\Users\\pc\\programs\\admin\\node_modules\\nodemailer\\lib\\smtp-connection\\index.js:1513:34)\n    at SMTPConnection.<anonymous> (C:\\Users\\pc\\programs\\admin\\node_modules\\nodemailer\\lib\\smtp-connection\\index.js:540:26)\n    at SMTPConnection._processResponse (C:\\Users\\pc\\programs\\admin\\node_modules\\nodemailer\\lib\\smtp-connection\\index.js:932:20)\n    at SMTPConnection._onData (C:\\Users\\pc\\programs\\admin\\node_modules\\nodemailer\\lib\\smtp-connection\\index.js:739:14)\n    at TLSSocket.SMTPConnection._onSocketData (C:\\Users\\pc\\programs\\admin\\node_modules\\nodemailer\\lib\\smtp-connection\\index.js:189:44)\n    at TLSSocket.emit (events.js:314:20)\n    at addChunk (_stream_readable.js:298:12)\n    at readableAddChunk (_stream_readable.js:273:9)\n    at TLSSocket.Readable.push (_stream_readable.js:214:10)\n    at TLSWrap.onStreamRead (internal/stream_base_commons.js:188:23)\n    at TLSWrap.callbackTrampoline (internal/async_hooks.js:126:14)","message":"Invalid login: 535-5.7.8 Username and Password not accepted. Learn more at\n535 5.7.8  https://support.google.com/mail/?p=BadCredentials z17sm16089047wrv.9 - gsmtp","code":"EAUTH","response":"535-5.7.8 Username and Password not accepted. Learn more at\n535 5.7.8  https://support.google.com/mail/?p=BadCredentials z17sm16089047wrv.9 - gsmtp","responseCode":535,"command":"AUTH PLAIN"}
NOTE:	utils.SendEmail
------------------------------------------------------------------------------------------------------------

DATE:	Tue Feb 16 2021 13:07:34
ERROR:	TypeError: Cannot read property '_id' of null
STACK:	{"stack":"TypeError: Cannot read property '_id' of null\n    at C:\\Users\\pc\\programs\\admin\\controllers\\users\\helpers\\getAdmUsers.js:61:34\n    at runMicrotasks (<anonymous>)\n    at processTicksAndRejections (internal/process/task_queues.js:97:5)\n    at async C:\\Users\\pc\\programs\\admin\\routes\\index.js:129:20","message":"Cannot read property '_id' of null"}
NOTE:	getAdmUsers.getAdmByUsername
------------------------------------------------------------------------------------------------------------

DATE:	Tue Feb 16 2021 13:07:44
ERROR:	 Email Not Sent. Error: Invalid login: 535-5.7.8 Username and Password not accepted. Learn more at
535 5.7.8  https://support.google.com/mail/?p=BadCredentials c62sm2233450wmd.43 - gsmtp
STACK:	{"stack":"Error: Invalid login: 535-5.7.8 Username and Password not accepted. Learn more at\n535 5.7.8  https://support.google.com/mail/?p=BadCredentials c62sm2233450wmd.43 - gsmtp\n    at SMTPConnection._formatError (C:\\Users\\pc\\programs\\admin\\node_modules\\nodemailer\\lib\\smtp-connection\\index.js:774:19)\n    at SMTPConnection._actionAUTHComplete (C:\\Users\\pc\\programs\\admin\\node_modules\\nodemailer\\lib\\smtp-connection\\index.js:1513:34)\n    at SMTPConnection.<anonymous> (C:\\Users\\pc\\programs\\admin\\node_modules\\nodemailer\\lib\\smtp-connection\\index.js:540:26)\n    at SMTPConnection._processResponse (C:\\Users\\pc\\programs\\admin\\node_modules\\nodemailer\\lib\\smtp-connection\\index.js:932:20)\n    at SMTPConnection._onData (C:\\Users\\pc\\programs\\admin\\node_modules\\nodemailer\\lib\\smtp-connection\\index.js:739:14)\n    at TLSSocket.SMTPConnection._onSocketData (C:\\Users\\pc\\programs\\admin\\node_modules\\nodemailer\\lib\\smtp-connection\\index.js:189:44)\n    at TLSSocket.emit (events.js:314:20)\n    at addChunk (_stream_readable.js:298:12)\n    at readableAddChunk (_stream_readable.js:273:9)\n    at TLSSocket.Readable.push (_stream_readable.js:214:10)\n    at TLSWrap.onStreamRead (internal/stream_base_commons.js:188:23)\n    at TLSWrap.callbackTrampoline (internal/async_hooks.js:126:14)","message":"Invalid login: 535-5.7.8 Username and Password not accepted. Learn more at\n535 5.7.8  https://support.google.com/mail/?p=BadCredentials c62sm2233450wmd.43 - gsmtp","code":"EAUTH","response":"535-5.7.8 Username and Password not accepted. Learn more at\n535 5.7.8  https://support.google.com/mail/?p=BadCredentials c62sm2233450wmd.43 - gsmtp","responseCode":535,"command":"AUTH PLAIN"}
NOTE:	utils.SendEmail
------------------------------------------------------------------------------------------------------------

